<?xml version="1.0" encoding="UTF-8"?>
<!-- Generated by org.testng.reporters.JUnitXMLReporter -->
<testsuite ignored="0" hostname="DESKTOP-B9KJEIH" failures="2" tests="2" name="TsetOnChromeBrowser(failed)(failed)" time="16.473" errors="0" timestamp="2022-10-16T00:19:54 IST">
  <testcase classname="com.SauceDemo.TestClass.TC05_VerifyDropDownFunctionality" name="verifyDropDownFunctionality" time="3.852">
    <failure type="java.lang.AssertionError" message="expected:&amp;lt;Name (A to Z)
Name (Z to A)
Price (low to high)
Price (high to low)&amp;gt; but was:&amp;lt;Name (A to Z)Name (Z to A)Price (low to high)Price (high to low))&amp;gt;">
      <![CDATA[java.lang.AssertionError: expected:<Name (A to Z)
Name (Z to A)
Price (low to high)
Price (high to low)> but was:<Name (A to Z)Name (Z to A)Price (low to high)Price (high to low))>
at com.SauceDemo.TestClass.TC05_VerifyDropDownFunctionality.verifyDropDownFunctionality(TC05_VerifyDropDownFunctionality.java:32)
at java.base/java.util.concurrent.ThreadPoolExecutor.runWorker(ThreadPoolExecutor.java:1136)
at java.base/java.util.concurrent.ThreadPoolExecutor$Worker.run(ThreadPoolExecutor.java:635)
at java.base/java.lang.Thread.run(Thread.java:833)
... Removed 12 stack frames]]>
    </failure>
  </testcase> <!-- verifyDropDownFunctionality -->
  <testcase classname="com.SauceDemo.TestClass.TC04_VerifyAllProductFunctionality" name="verifyAllProductFunctionality" time="4.288">
    <failure type="java.lang.AssertionError" message="expected [6] but found [3]">
      <![CDATA[java.lang.AssertionError: expected [6] but found [3]
at com.SauceDemo.TestClass.TC04_VerifyAllProductFunctionality.verifyAllProductFunctionality(TC04_VerifyAllProductFunctionality.java:34)
at java.base/java.util.concurrent.ThreadPoolExecutor.runWorker(ThreadPoolExecutor.java:1136)
at java.base/java.util.concurrent.ThreadPoolExecutor$Worker.run(ThreadPoolExecutor.java:635)
at java.base/java.lang.Thread.run(Thread.java:833)
... Removed 16 stack frames]]>
    </failure>
  </testcase> <!-- verifyAllProductFunctionality -->
</testsuite> <!-- TsetOnChromeBrowser(failed)(failed) -->
