<?xml version="1.0" encoding="UTF-8"?>
<!-- Generated by org.testng.reporters.JUnitXMLReporter -->
<testsuite ignored="1" hostname="DESKTOP-B9KJEIH" failures="0" tests="4" name="TsetOnChromeBrowser" time="35.581" errors="0" timestamp="2023-08-21T12:21:26 IST">
  <testcase classname="com.SauceDemo.TestClass.TC03_VerifyBagProductFunctionality" name="verifyBagProductFunctionality" time="0.73"/>
  <testcase classname="com.SauceDemo.TestClass.TC05_VerifyDropDownFunctionality" name="verifyDropDownFunctionality" time="0.815"/>
  <testcase classname="com.SauceDemo.TestClass.TC01_VerifyLoginFunctionality" name="verifyLoginFunctionality" time="0.598"/>
  <testcase classname="com.SauceDemo.TestClass.TC02_VerifyLogOutFunctionality" name="verifyLOgOutFunctionality" time="0.671"/>
  <testcase classname="com.SauceDemo.TestClass.TC04_VerifyAllProductFunctionality" name="verifyAllProductFunctionality" time="0.0">
    <ignored/>
  </testcase> <!-- verifyAllProductFunctionality -->
</testsuite> <!-- TsetOnChromeBrowser -->
