<?xml version="1.0" encoding="UTF-8"?>
<testng-results ignored="1" total="5" passed="4" failed="0" skipped="0">
  <reporter-output>
  </reporter-output>
  <suite started-at="2023-09-09T12:57:06 IST" name="Suite" finished-at="2023-09-09T12:57:41 IST" duration-ms="35333">
    <groups>
    </groups>
    <test started-at="2023-09-09T12:57:06 IST" name="Test" finished-at="2023-09-09T12:57:41 IST" duration-ms="35333">
      <class name="com.SauceDemo.TestClass.TC03_VerifyBagProductFunctionality">
        <test-method is-config="true" signature="setUp(java.lang.String)[pri:0, instance:com.SauceDemo.TestClass.TC03_VerifyBagProductFunctionality@506ae4d4]" started-at="2023-09-09T12:57:06 IST" name="setUp" finished-at="2023-09-09T12:57:38 IST" duration-ms="31698" status="PASS">
          <params>
            <param index="0">
              <value>
                <![CDATA[chrome]]>
              </value>
            </param>
          </params>
          <reporter-output>
          </reporter-output>
        </test-method> <!-- setUp -->
        <test-method signature="verifyBagProductFunctionality()[pri:0, instance:com.SauceDemo.TestClass.TC03_VerifyBagProductFunctionality@506ae4d4]" started-at="2023-09-09T12:57:38 IST" name="verifyBagProductFunctionality" finished-at="2023-09-09T12:57:40 IST" duration-ms="1915" status="PASS">
          <reporter-output>
          </reporter-output>
        </test-method> <!-- verifyBagProductFunctionality -->
        <test-method is-config="true" signature="tearDown()[pri:0, instance:com.SauceDemo.TestClass.TC03_VerifyBagProductFunctionality@506ae4d4]" started-at="2023-09-09T12:57:40 IST" name="tearDown" finished-at="2023-09-09T12:57:41 IST" duration-ms="1182" status="PASS">
          <reporter-output>
          </reporter-output>
        </test-method> <!-- tearDown -->
      </class> <!-- com.SauceDemo.TestClass.TC03_VerifyBagProductFunctionality -->
      <class name="com.SauceDemo.TestClass.TC05_VerifyDropDownFunctionality">
        <test-method is-config="true" signature="setUp(java.lang.String)[pri:0, instance:com.SauceDemo.TestClass.TC05_VerifyDropDownFunctionality@434a63ab]" started-at="2023-09-09T12:57:06 IST" name="setUp" finished-at="2023-09-09T12:57:38 IST" duration-ms="31744" status="PASS">
          <params>
            <param index="0">
              <value>
                <![CDATA[chrome]]>
              </value>
            </param>
          </params>
          <reporter-output>
          </reporter-output>
        </test-method> <!-- setUp -->
        <test-method signature="verifyDropDownFunctionality()[pri:0, instance:com.SauceDemo.TestClass.TC05_VerifyDropDownFunctionality@434a63ab]" started-at="2023-09-09T12:57:38 IST" name="verifyDropDownFunctionality" finished-at="2023-09-09T12:57:40 IST" duration-ms="1894" status="PASS">
          <reporter-output>
          </reporter-output>
        </test-method> <!-- verifyDropDownFunctionality -->
        <test-method is-config="true" signature="tearDown()[pri:0, instance:com.SauceDemo.TestClass.TC05_VerifyDropDownFunctionality@434a63ab]" started-at="2023-09-09T12:57:40 IST" name="tearDown" finished-at="2023-09-09T12:57:41 IST" duration-ms="1579" status="PASS">
          <reporter-output>
          </reporter-output>
        </test-method> <!-- tearDown -->
      </class> <!-- com.SauceDemo.TestClass.TC05_VerifyDropDownFunctionality -->
      <class name="com.SauceDemo.TestClass.TC01_VerifyLoginFunctionality">
        <test-method is-config="true" signature="setUp(java.lang.String)[pri:0, instance:com.SauceDemo.TestClass.TC01_VerifyLoginFunctionality@7d4f9aae]" started-at="2023-09-09T12:57:06 IST" name="setUp" finished-at="2023-09-09T12:57:38 IST" duration-ms="31697" status="PASS">
          <params>
            <param index="0">
              <value>
                <![CDATA[chrome]]>
              </value>
            </param>
          </params>
          <reporter-output>
          </reporter-output>
        </test-method> <!-- setUp -->
        <test-method signature="verifyLoginFunctionality()[pri:0, instance:com.SauceDemo.TestClass.TC01_VerifyLoginFunctionality@7d4f9aae]" started-at="2023-09-09T12:57:38 IST" name="verifyLoginFunctionality" finished-at="2023-09-09T12:57:39 IST" duration-ms="962" status="PASS">
          <reporter-output>
          </reporter-output>
        </test-method> <!-- verifyLoginFunctionality -->
        <test-method is-config="true" signature="tearDown()[pri:0, instance:com.SauceDemo.TestClass.TC01_VerifyLoginFunctionality@7d4f9aae]" started-at="2023-09-09T12:57:39 IST" name="tearDown" finished-at="2023-09-09T12:57:41 IST" duration-ms="2275" status="PASS">
          <reporter-output>
          </reporter-output>
        </test-method> <!-- tearDown -->
      </class> <!-- com.SauceDemo.TestClass.TC01_VerifyLoginFunctionality -->
      <class name="com.SauceDemo.TestClass.TC02_VerifyLogOutFunctionality">
        <test-method is-config="true" signature="setUp(java.lang.String)[pri:0, instance:com.SauceDemo.TestClass.TC02_VerifyLogOutFunctionality@72e5a8e]" started-at="2023-09-09T12:57:06 IST" name="setUp" finished-at="2023-09-09T12:57:38 IST" duration-ms="31889" status="PASS">
          <params>
            <param index="0">
              <value>
                <![CDATA[chrome]]>
              </value>
            </param>
          </params>
          <reporter-output>
          </reporter-output>
        </test-method> <!-- setUp -->
        <test-method signature="verifyLOgOutFunctionality()[pri:0, instance:com.SauceDemo.TestClass.TC02_VerifyLogOutFunctionality@72e5a8e]" started-at="2023-09-09T12:57:38 IST" name="verifyLOgOutFunctionality" finished-at="2023-09-09T12:57:40 IST" duration-ms="1985" status="PASS">
          <reporter-output>
          </reporter-output>
        </test-method> <!-- verifyLOgOutFunctionality -->
        <test-method is-config="true" signature="tearDown()[pri:0, instance:com.SauceDemo.TestClass.TC02_VerifyLogOutFunctionality@72e5a8e]" started-at="2023-09-09T12:57:40 IST" name="tearDown" finished-at="2023-09-09T12:57:41 IST" duration-ms="1303" status="PASS">
          <reporter-output>
          </reporter-output>
        </test-method> <!-- tearDown -->
      </class> <!-- com.SauceDemo.TestClass.TC02_VerifyLogOutFunctionality -->
    </test> <!-- Test -->
  </suite> <!-- Suite -->
</testng-results>
