<?xml version="1.0" encoding="UTF-8"?>
<testng-results ignored="1" total="5" passed="4" failed="0" skipped="0">
  <reporter-output>
  </reporter-output>
  <suite started-at="2023-08-24T21:07:19 IST" name="Suite" finished-at="2023-08-24T21:07:49 IST" duration-ms="30466">
    <groups>
    </groups>
    <test started-at="2023-08-24T21:07:19 IST" name="Test" finished-at="2023-08-24T21:07:49 IST" duration-ms="30466">
      <class name="com.SauceDemo.TestClass.TC03_VerifyBagProductFunctionality">
        <test-method is-config="true" signature="setUp(java.lang.String)[pri:0, instance:com.SauceDemo.TestClass.TC03_VerifyBagProductFunctionality@7d4f9aae]" started-at="2023-08-24T21:07:28 IST" name="setUp" finished-at="2023-08-24T21:07:34 IST" duration-ms="5961" status="PASS">
          <params>
            <param index="0">
              <value>
                <![CDATA[chrome]]>
              </value>
            </param>
          </params>
          <reporter-output>
          </reporter-output>
        </test-method> <!-- setUp -->
        <test-method signature="verifyBagProductFunctionality()[pri:0, instance:com.SauceDemo.TestClass.TC03_VerifyBagProductFunctionality@7d4f9aae]" started-at="2023-08-24T21:07:34 IST" name="verifyBagProductFunctionality" finished-at="2023-08-24T21:07:35 IST" duration-ms="651" status="PASS">
          <reporter-output>
          </reporter-output>
        </test-method> <!-- verifyBagProductFunctionality -->
        <test-method is-config="true" signature="tearDown()[pri:0, instance:com.SauceDemo.TestClass.TC03_VerifyBagProductFunctionality@7d4f9aae]" started-at="2023-08-24T21:07:35 IST" name="tearDown" finished-at="2023-08-24T21:07:35 IST" duration-ms="533" status="PASS">
          <reporter-output>
          </reporter-output>
        </test-method> <!-- tearDown -->
      </class> <!-- com.SauceDemo.TestClass.TC03_VerifyBagProductFunctionality -->
      <class name="com.SauceDemo.TestClass.TC05_VerifyDropDownFunctionality">
        <test-method is-config="true" signature="setUp(java.lang.String)[pri:0, instance:com.SauceDemo.TestClass.TC05_VerifyDropDownFunctionality@6e0f5f7f]" started-at="2023-08-24T21:07:19 IST" name="setUp" finished-at="2023-08-24T21:07:27 IST" duration-ms="7904" status="PASS">
          <params>
            <param index="0">
              <value>
                <![CDATA[chrome]]>
              </value>
            </param>
          </params>
          <reporter-output>
          </reporter-output>
        </test-method> <!-- setUp -->
        <test-method signature="verifyDropDownFunctionality()[pri:0, instance:com.SauceDemo.TestClass.TC05_VerifyDropDownFunctionality@6e0f5f7f]" started-at="2023-08-24T21:07:27 IST" name="verifyDropDownFunctionality" finished-at="2023-08-24T21:07:27 IST" duration-ms="851" status="PASS">
          <reporter-output>
          </reporter-output>
        </test-method> <!-- verifyDropDownFunctionality -->
        <test-method is-config="true" signature="tearDown()[pri:0, instance:com.SauceDemo.TestClass.TC05_VerifyDropDownFunctionality@6e0f5f7f]" started-at="2023-08-24T21:07:27 IST" name="tearDown" finished-at="2023-08-24T21:07:28 IST" duration-ms="472" status="PASS">
          <reporter-output>
          </reporter-output>
        </test-method> <!-- tearDown -->
      </class> <!-- com.SauceDemo.TestClass.TC05_VerifyDropDownFunctionality -->
      <class name="com.SauceDemo.TestClass.TC01_VerifyLoginFunctionality">
        <test-method is-config="true" signature="setUp(java.lang.String)[pri:0, instance:com.SauceDemo.TestClass.TC01_VerifyLoginFunctionality@72e5a8e]" started-at="2023-08-24T21:07:35 IST" name="setUp" finished-at="2023-08-24T21:07:41 IST" duration-ms="6368" status="PASS">
          <params>
            <param index="0">
              <value>
                <![CDATA[chrome]]>
              </value>
            </param>
          </params>
          <reporter-output>
          </reporter-output>
        </test-method> <!-- setUp -->
        <test-method signature="verifyLoginFunctionality()[pri:0, instance:com.SauceDemo.TestClass.TC01_VerifyLoginFunctionality@72e5a8e]" started-at="2023-08-24T21:07:41 IST" name="verifyLoginFunctionality" finished-at="2023-08-24T21:07:42 IST" duration-ms="354" status="PASS">
          <reporter-output>
          </reporter-output>
        </test-method> <!-- verifyLoginFunctionality -->
        <test-method is-config="true" signature="tearDown()[pri:0, instance:com.SauceDemo.TestClass.TC01_VerifyLoginFunctionality@72e5a8e]" started-at="2023-08-24T21:07:42 IST" name="tearDown" finished-at="2023-08-24T21:07:42 IST" duration-ms="380" status="PASS">
          <reporter-output>
          </reporter-output>
        </test-method> <!-- tearDown -->
      </class> <!-- com.SauceDemo.TestClass.TC01_VerifyLoginFunctionality -->
      <class name="com.SauceDemo.TestClass.TC02_VerifyLogOutFunctionality">
        <test-method is-config="true" signature="setUp(java.lang.String)[pri:0, instance:com.SauceDemo.TestClass.TC02_VerifyLogOutFunctionality@54e1c68b]" started-at="2023-08-24T21:07:42 IST" name="setUp" finished-at="2023-08-24T21:07:48 IST" duration-ms="5759" status="PASS">
          <params>
            <param index="0">
              <value>
                <![CDATA[chrome]]>
              </value>
            </param>
          </params>
          <reporter-output>
          </reporter-output>
        </test-method> <!-- setUp -->
        <test-method signature="verifyLOgOutFunctionality()[pri:0, instance:com.SauceDemo.TestClass.TC02_VerifyLogOutFunctionality@54e1c68b]" started-at="2023-08-24T21:07:48 IST" name="verifyLOgOutFunctionality" finished-at="2023-08-24T21:07:49 IST" duration-ms="781" status="PASS">
          <reporter-output>
          </reporter-output>
        </test-method> <!-- verifyLOgOutFunctionality -->
        <test-method is-config="true" signature="tearDown()[pri:0, instance:com.SauceDemo.TestClass.TC02_VerifyLogOutFunctionality@54e1c68b]" started-at="2023-08-24T21:07:49 IST" name="tearDown" finished-at="2023-08-24T21:07:49 IST" duration-ms="349" status="PASS">
          <reporter-output>
          </reporter-output>
        </test-method> <!-- tearDown -->
      </class> <!-- com.SauceDemo.TestClass.TC02_VerifyLogOutFunctionality -->
    </test> <!-- Test -->
  </suite> <!-- Suite -->
</testng-results>
